<?xml version="1.0" encoding="UTF-8"?>
<!-- Generated by org.testng.reporters.JUnitXMLReporter -->
<testsuite ignored="0" hostname="DESKTOP-EQRSAKF" failures="0" tests="6" name="Surefire test" time="27.683" errors="0" timestamp="2023-09-09T22:43:19 IST">
  <testcase classname="api.test.DDTests" name="testAllPostRequests" time="10.146"/>
  <testcase classname="api.test.DDTests" name="testDeleteRequest" time="4.728"/>
  <testcase classname="api.test.UserTests" name="testPostUser" time="7.008"/>
  <testcase classname="api.test.UserTests" name="getUser" time="2.102"/>
  <testcase classname="api.test.UserTests" name="testUpdateUser" time="2.434"/>
  <testcase classname="api.test.UserTests" name="testDeleteUserByName" time="1.178"/>
</testsuite> <!-- Surefire test -->
