<?xml version="1.0" encoding="UTF-8"?>
<!-- Generated by org.testng.reporters.JUnitXMLReporter -->
<testsuite ignored="0" hostname="DESKTOP-EQRSAKF" failures="1" tests="4" name="PetTests" time="20.127" errors="0" timestamp="2023-09-09T20:30:11 IST">
  <testcase classname="api.test.UserTests2" name="testPostUser" time="11.831"/>
  <testcase classname="api.test.UserTests2" name="getUser" time="3.822"/>
  <testcase classname="api.test.UserTests2" name="testUpdateUser" time="2.999"/>
  <testcase classname="api.test.UserTests2" name="testDeleteUserByName" time="0.004">
    <failure type="java.util.MissingResourceException" message="Can&amp;apos;t find resource for bundle java.util.PropertyResourceBundle, key deleteUser_url">
      <![CDATA[java.util.MissingResourceException: Can't find resource for bundle java.util.PropertyResourceBundle, key deleteUser_url
at java.base/java.util.ResourceBundle.getObject(ResourceBundle.java:564)
at java.base/java.util.ResourceBundle.getString(ResourceBundle.java:521)
at api.endpoints.UserEndPoints2.deleteUser(UserEndPoints2.java:83)
at api.test.UserTests2.testDeleteUserByName(UserTests2.java:91)
at java.base/java.util.ArrayList.forEach(ArrayList.java:1511)
... Removed 27 stack frames]]>
    </failure>
  </testcase> <!-- testDeleteUserByName -->
</testsuite> <!-- PetTests -->
